# JRE version: Java(TM) SE Runtime Environment (8.0_60-b27) (build 1.8.0_60-b27)
# Java VM: Java HotSpot(TM) 64-Bit Server VM (25.60-b23 mixed mode bsd-amd64 compressed oops)
Heap:
 PSYoungGen      total 57856K, used 40602K [0x0000000795580000, 0x000000079b180000, 0x00000007c0000000)
  eden space 40960K, 99% used [0x0000000795580000,0x0000000797d26808,0x0000000797d80000)
  from space 16896K, 0% used [0x0000000797d80000,0x0000000797d80000,0x0000000798e00000)
  to   space 17408K, 0% used [0x000000079a080000,0x000000079a080000,0x000000079b180000)
 ParOldGen       total 107008K, used 51922K [0x0000000740000000, 0x0000000746880000, 0x0000000795580000)
  object space 107008K, 48% used [0x0000000740000000,0x00000007432b49a8,0x0000000746880000)
 Metaspace       used 21419K, capacity 21599K, committed 21808K, reserved 1069056K
  class space    used 2043K, capacity 2112K, committed 2176K, reserved 1048576K
GC Heap History (10 events):
Event: 22.959 GC heap before
{Heap before GC invocations=13 (full 1):
 PSYoungGen      total 41984K, used 41891K [0x0000000795580000, 0x0000000798d80000, 0x00000007c0000000)
  eden space 29696K, 99% used [0x0000000795580000,0x0000000797270b50,0x0000000797280000)
  from space 12288K, 99% used [0x0000000797300000,0x0000000797ef8320,0x0000000797f00000)
  to   space 13824K, 0% used [0x0000000798000000,0x0000000798000000,0x0000000798d80000)
 ParOldGen       total 57856K, used 22746K [0x0000000740000000, 0x0000000743880000, 0x0000000795580000)
  object space 57856K, 39% used [0x0000000740000000,0x0000000741636bf0,0x0000000743880000)
 Metaspace       used 21299K, capacity 21535K, committed 21808K, reserved 1069056K
  class space    used 2036K, capacity 2112K, committed 2176K, reserved 1048576K
Event: 22.971 GC heap after
Heap after GC invocations=13 (full 1):
 PSYoungGen      total 41984K, used 13712K [0x0000000795580000, 0x0000000799e00000, 0x00000007c0000000)
  eden space 28160K, 0% used [0x0000000795580000,0x0000000795580000,0x0000000797100000)
  from space 13824K, 99% used [0x0000000798000000,0x0000000798d64370,0x0000000798d80000)
  to   space 15360K, 0% used [0x0000000797100000,0x0000000797100000,0x0000000798000000)
 ParOldGen       total 57856K, used 27867K [0x0000000740000000, 0x0000000743880000, 0x0000000795580000)
  object space 57856K, 48% used [0x0000000740000000,0x0000000741b36d30,0x0000000743880000)
 Metaspace       used 21299K, capacity 21535K, committed 21808K, reserved 1069056K
  class space    used 2036K, capacity 2112K, committed 2176K, reserved 1048576K
}
Event: 23.296 GC heap before
{Heap before GC invocations=14 (full 1):
 PSYoungGen      total 41984K, used 41872K [0x0000000795580000, 0x0000000799e00000, 0x00000007c0000000)
  eden space 28160K, 100% used [0x0000000795580000,0x0000000797100000,0x0000000797100000)
  from space 13824K, 99% used [0x0000000798000000,0x0000000798d64370,0x0000000798d80000)
  to   space 15360K, 0% used [0x0000000797100000,0x0000000797100000,0x0000000798000000)
 ParOldGen       total 57856K, used 27867K [0x0000000740000000, 0x0000000743880000, 0x0000000795580000)
  object space 57856K, 48% used [0x0000000740000000,0x0000000741b36d30,0x0000000743880000)
 Metaspace       used 21360K, capacity 21599K, committed 21808K, reserved 1069056K
  class space    used 2036K, capacity 2112K, committed 2176K, reserved 1048576K
Event: 23.301 GC heap after
Heap after GC invocations=14 (full 1):
 PSYoungGen      total 43520K, used 13536K [0x0000000795580000, 0x0000000799e00000, 0x00000007c0000000)
  eden space 28160K, 0% used [0x0000000795580000,0x0000000795580000,0x0000000797100000)
  from space 15360K, 88% used [0x0000000797100000,0x0000000797e38340,0x0000000798000000)
  to   space 16384K, 0% used [0x0000000798e00000,0x0000000798e00000,0x0000000799e00000)
 ParOldGen       total 57856K, used 34459K [0x0000000740000000, 0x0000000743880000, 0x0000000795580000)
  object space 57856K, 59% used [0x0000000740000000,0x00000007421a6f80,0x0000000743880000)
 Metaspace       used 21360K, capacity 21599K, committed 21808K, reserved 1069056K
  class space    used 2036K, capacity 2112K, committed 2176K, reserved 1048576K
}
Event: 24.260 GC heap before
{Heap before GC invocations=15 (full 1):
 PSYoungGen      total 43520K, used 41696K [0x0000000795580000, 0x0000000799e00000, 0x00000007c0000000)
  eden space 28160K, 100% used [0x0000000795580000,0x0000000797100000,0x0000000797100000)
  from space 15360K, 88% used [0x0000000797100000,0x0000000797e38340,0x0000000798000000)
  to   space 16384K, 0% used [0x0000000798e00000,0x0000000798e00000,0x0000000799e00000)
 ParOldGen       total 57856K, used 34459K [0x0000000740000000, 0x0000000743880000, 0x0000000795580000)
  object space 57856K, 59% used [0x0000000740000000,0x00000007421a6f80,0x0000000743880000)
 Metaspace       used 21371K, capacity 21599K, committed 21808K, reserved 1069056K
  class space    used 2036K, capacity 2112K, committed 2176K, reserved 1048576K
Event: 24.272 GC heap after
Heap after GC invocations=15 (full 1):
 PSYoungGen      total 57344K, used 11424K [0x0000000795580000, 0x0000000799f00000, 0x00000007c0000000)
  eden space 40960K, 0% used [0x0000000795580000,0x0000000795580000,0x0000000797d80000)
  from space 16384K, 69% used [0x0000000798e00000,0x00000007999282c0,0x0000000799e00000)
  to   space 16896K, 0% used [0x0000000797d80000,0x0000000797d80000,0x0000000798e00000)
 ParOldGen       total 57856K, used 40936K [0x0000000740000000, 0x0000000743880000, 0x0000000795580000)
  object space 57856K, 70% used [0x0000000740000000,0x00000007427fa120,0x0000000743880000)
 Metaspace       used 21371K, capacity 21599K, committed 21808K, reserved 1069056K
  class space    used 2036K, capacity 2112K, committed 2176K, reserved 1048576K
}
Event: 28.225 GC heap before
{Heap before GC invocations=16 (full 1):
 PSYoungGen      total 57344K, used 52384K [0x0000000795580000, 0x0000000799f00000, 0x00000007c0000000)
  eden space 40960K, 100% used [0x0000000795580000,0x0000000797d80000,0x0000000797d80000)
  from space 16384K, 69% used [0x0000000798e00000,0x00000007999282c0,0x0000000799e00000)
  to   space 16896K, 0% used [0x0000000797d80000,0x0000000797d80000,0x0000000798e00000)
 ParOldGen       total 57856K, used 40936K [0x0000000740000000, 0x0000000743880000, 0x0000000795580000)
  object space 57856K, 70% used [0x0000000740000000,0x00000007427fa120,0x0000000743880000)
 Metaspace       used 21375K, capacity 21599K, committed 21808K, reserved 1069056K
  class space    used 2036K, capacity 2112K, committed 2176K, reserved 1048576K
Event: 28.234 GC heap after
Heap after GC invocations=16 (full 1):
 PSYoungGen      total 57856K, used 128K [0x0000000795580000, 0x000000079b180000, 0x00000007c0000000)
  eden space 40960K, 0% used [0x0000000795580000,0x0000000795580000,0x0000000797d80000)
  from space 16896K, 0% used [0x0000000797d80000,0x0000000797da0000,0x0000000798e00000)
  to   space 17408K, 0% used [0x000000079a080000,0x000000079a080000,0x000000079b180000)
 ParOldGen       total 57856K, used 52248K [0x0000000740000000, 0x0000000743880000, 0x0000000795580000)
  object space 57856K, 90% used [0x0000000740000000,0x00000007433063e0,0x0000000743880000)
 Metaspace       used 21375K, capacity 21599K, committed 21808K, reserved 1069056K
  class space    used 2036K, capacity 2112K, committed 2176K, reserved 1048576K
}
Event: 28.234 GC heap before
{Heap before GC invocations=17 (full 2):
 PSYoungGen      total 57856K, used 128K [0x0000000795580000, 0x000000079b180000, 0x00000007c0000000)
  eden space 40960K, 0% used [0x0000000795580000,0x0000000795580000,0x0000000797d80000)
  from space 16896K, 0% used [0x0000000797d80000,0x0000000797da0000,0x0000000798e00000)
  to   space 17408K, 0% used [0x000000079a080000,0x000000079a080000,0x000000079b180000)
 ParOldGen       total 57856K, used 52248K [0x0000000740000000, 0x0000000743880000, 0x0000000795580000)
  object space 57856K, 90% used [0x0000000740000000,0x00000007433063e0,0x0000000743880000)
 Metaspace       used 21375K, capacity 21599K, committed 21808K, reserved 1069056K
  class space    used 2036K, capacity 2112K, committed 2176K, reserved 1048576K
Event: 28.313 GC heap after
Heap after GC invocations=17 (full 2):
 PSYoungGen      total 57856K, used 0K [0x0000000795580000, 0x000000079b180000, 0x00000007c0000000)
  eden space 40960K, 0% used [0x0000000795580000,0x0000000795580000,0x0000000797d80000)
  from space 16896K, 0% used [0x0000000797d80000,0x0000000797d80000,0x0000000798e00000)
  to   space 17408K, 0% used [0x000000079a080000,0x000000079a080000,0x000000079b180000)
 ParOldGen       total 107008K, used 51922K [0x0000000740000000, 0x0000000746880000, 0x0000000795580000)
  object space 107008K, 48% used [0x0000000740000000,0x00000007432b49a8,0x0000000746880000)
 Metaspace       used 21375K, capacity 21599K, committed 21808K, reserved 1069056K
  class space    used 2036K, capacity 2112K, committed 2176K, reserved 1048576K
}

